2023-07-05 14:46:35,103 INFO: Transaction count for chat ID -841170812: 37
2023-07-05 14:46:36,397 INFO: Transaction count for chat ID 5631228514: 30
2023-07-05 14:46:38,549 INFO: Transaction count for chat ID -1001583960957: 37
2023-07-05 14:46:48,174 INFO: Message ID for chat ID -841170812: 1059
2023-07-05 14:46:51,147 INFO: Message ID for chat ID -841170812: 1060
2023-07-05 14:46:51,148 INFO: Transaction count for chat ID -841170812: 37
2023-07-05 14:46:52,373 INFO: Transaction count for chat ID 5631228514: 30
2023-07-05 14:46:54,320 INFO: Transaction count for chat ID -1001583960957: 37
2023-07-05 14:46:57,802 INFO: Transaction count for chat ID -841170812: 37
2023-07-05 14:46:59,133 INFO: Transaction count for chat ID 5631228514: 30
2023-07-05 14:47:01,121 INFO: Transaction count for chat ID -1001583960957: 37
2023-07-05 14:47:04,457 INFO: Transaction count for chat ID -841170812: 37
2023-07-05 14:47:06,093 INFO: Transaction count for chat ID 5631228514: 30
2023-07-05 14:47:08,138 INFO: Transaction count for chat ID -1001583960957: 37
2023-07-05 14:47:11,434 INFO: Transaction count for chat ID -841170812: 37
2023-07-05 14:47:13,089 INFO: Transaction count for chat ID 5631228514: 30
2023-07-05 14:47:15,003 INFO: Transaction count for chat ID -1001583960957: 37
2023-07-05 14:47:18,485 INFO: Transaction count for chat ID -841170812: 37
2023-07-05 14:47:20,225 INFO: Transaction count for chat ID 5631228514: 30
2023-07-05 14:47:22,172 INFO: Transaction count for chat ID -1001583960957: 37
2023-07-05 14:47:25,550 INFO: Transaction count for chat ID -841170812: 37
2023-07-05 14:47:27,245 INFO: Transaction count for chat ID 5631228514: 30
2023-07-05 14:47:29,444 INFO: Transaction count for chat ID -1001583960957: 37
2023-07-05 14:47:32,787 INFO: Transaction count for chat ID -841170812: 37
2023-07-05 14:47:34,153 INFO: Transaction count for chat ID 5631228514: 30
2023-07-05 14:47:36,200 INFO: Transaction count for chat ID -1001583960957: 37
2023-07-05 14:47:39,519 INFO: Transaction count for chat ID -841170812: 37
2023-07-05 14:47:40,656 INFO: Transaction count for chat ID 5631228514: 30
2023-07-05 14:47:43,023 INFO: Transaction count for chat ID -1001583960957: 37
2023-07-05 14:47:46,239 INFO: Transaction count for chat ID -841170812: 37
2023-07-05 14:47:47,437 INFO: Transaction count for chat ID 5631228514: 30
2023-07-05 14:47:49,309 INFO: Transaction count for chat ID -1001583960957: 37
2023-07-05 14:47:52,584 INFO: Transaction count for chat ID -841170812: 37
2023-07-05 14:47:53,749 INFO: Transaction count for chat ID 5631228514: 30
2023-07-05 14:47:55,571 INFO: Transaction count for chat ID -1001583960957: 37
2023-07-05 14:47:59,858 INFO: Transaction count for chat ID -841170812: 37
2023-07-05 14:48:00,960 INFO: Transaction count for chat ID 5631228514: 30
2023-07-05 14:48:02,696 INFO: Transaction count for chat ID -1001583960957: 37
2023-07-05 14:48:05,794 INFO: Transaction count for chat ID -841170812: 37
2023-07-05 14:48:06,877 INFO: Transaction count for chat ID 5631228514: 30
2023-07-05 14:48:08,592 INFO: Transaction count for chat ID -1001583960957: 37
2023-07-05 14:48:11,615 INFO: Transaction count for chat ID -841170812: 37
2023-07-05 14:48:12,865 INFO: Transaction count for chat ID 5631228514: 30
2023-07-05 14:48:14,662 INFO: Transaction count for chat ID -1001583960957: 37
2023-07-05 14:48:17,981 INFO: Transaction count for chat ID -841170812: 37
2023-07-05 14:48:19,166 INFO: Transaction count for chat ID 5631228514: 30
2023-07-05 14:48:21,143 INFO: Transaction count for chat ID -1001583960957: 37
2023-07-05 14:48:24,267 INFO: Transaction count for chat ID -841170812: 37
2023-07-05 14:48:25,833 INFO: Transaction count for chat ID 5631228514: 30
2023-07-05 14:48:27,932 INFO: Transaction count for chat ID -1001583960957: 37
2023-07-05 14:48:30,999 INFO: Transaction count for chat ID -841170812: 37
2023-07-05 14:48:32,623 INFO: Transaction count for chat ID 5631228514: 30
2023-07-05 14:48:34,408 INFO: Transaction count for chat ID -1001583960957: 37
2023-07-05 14:48:37,848 INFO: Transaction count for chat ID -841170812: 37
2023-07-05 14:48:39,084 INFO: Transaction count for chat ID 5631228514: 30
2023-07-05 14:48:41,027 INFO: Transaction count for chat ID -1001583960957: 37
2023-07-05 14:48:44,194 INFO: Transaction count for chat ID -841170812: 37
2023-07-05 14:48:45,323 INFO: Transaction count for chat ID 5631228514: 30
2023-07-05 14:48:47,368 INFO: Transaction count for chat ID -1001583960957: 37
2023-07-05 14:48:52,501 INFO: Transaction count for chat ID -841170812: 37
2023-07-05 14:48:53,571 INFO: Transaction count for chat ID 5631228514: 30
2023-07-05 14:48:55,560 INFO: Transaction count for chat ID -1001583960957: 37
2023-07-05 14:48:59,042 INFO: Transaction count for chat ID -841170812: 37
2023-07-05 14:49:48,500 INFO: Message ID for chat ID -841170812: 1061
2023-07-05 14:49:51,925 INFO: Message ID for chat ID -841170812: 1062
2023-07-05 14:49:51,925 INFO: Transaction count change for chat ID -841170812: 2 (New count: 37)
2023-07-05 14:51:41,140 INFO: Message ID for chat ID -841170812: 1063
2023-07-05 14:51:44,747 INFO: Message ID for chat ID -841170812: 1064
2023-07-05 14:51:44,747 INFO: Transaction count for chat ID -841170812: 37
2023-07-05 14:52:22,719 INFO: Transaction count for chat ID -841170812: 37
2023-07-05 14:52:23,945 INFO: Transaction count for chat ID 5631228514: 30
2023-07-05 14:52:25,896 INFO: Transaction count for chat ID -1001583960957: 37
2023-07-05 14:52:29,065 INFO: Transaction count for chat ID -841170812: 37
2023-07-05 14:52:30,297 INFO: Transaction count for chat ID 5631228514: 30
2023-07-05 14:52:32,239 INFO: Transaction count for chat ID -1001583960957: 37
2023-07-05 14:52:35,517 INFO: Transaction count for chat ID -841170812: 37
2023-07-05 14:52:38,527 INFO: Transaction count for chat ID 5631228514: 30
2023-07-05 14:52:40,328 INFO: Transaction count for chat ID -1001583960957: 37
2023-07-05 14:52:43,605 INFO: Transaction count for chat ID -841170812: 37
2023-07-05 14:52:45,419 INFO: Transaction count for chat ID 5631228514: 30
2023-07-05 14:52:47,509 INFO: Transaction count for chat ID -1001583960957: 37
2023-07-05 14:52:50,877 INFO: Transaction count for chat ID -841170812: 37
2023-07-05 14:52:52,208 INFO: Transaction count for chat ID 5631228514: 30
2023-07-05 14:52:54,134 INFO: Transaction count for chat ID -1001583960957: 37
2023-07-05 14:53:00,503 INFO: Transaction count for chat ID -841170812: 37
2023-07-05 14:53:01,833 INFO: Transaction count for chat ID 5631228514: 30
2023-07-05 14:53:03,881 INFO: Transaction count for chat ID -1001583960957: 37
2023-07-05 14:53:07,158 INFO: Transaction count for chat ID -841170812: 37
2023-07-05 14:53:08,491 INFO: Transaction count for chat ID 5631228514: 30
2023-07-05 14:53:10,400 INFO: Transaction count for chat ID -1001583960957: 37
2023-07-05 14:55:00,206 INFO: Message ID for chat ID -841170812: 1065
2023-07-05 14:55:03,797 INFO: Message ID for chat ID -841170812: 1066
2023-07-05 14:55:03,798 INFO: Transaction count change for chat ID -841170812: 2 (New count: 37)
2023-07-05 15:01:03,050 INFO: Message ID for chat ID 6096960445: 51
2023-07-05 15:01:03,051 INFO: Transaction count change for chat ID 6096960445: 1 (New count: 37)
2023-07-05 15:09:44,058 INFO: Transaction count change for chat ID -841170812: 1 (New count: 37)
2023-07-05 15:10:23,095 INFO: Message ID for chat ID -841170812: 1067
2023-07-05 15:10:23,095 INFO: Transaction count change for chat ID -841170812: 1 (New count: 37)
2023-07-05 15:11:56,133 INFO: Message ID for chat ID -841170812: 1068
2023-07-05 15:11:59,310 INFO: Message ID for chat ID -841170812: 1069
2023-07-05 15:11:59,310 INFO: Transaction count change for chat ID -841170812: 2 (New count: 37)
2023-07-19 19:40:45,362 INFO: The data length for chat ID 5631228514 is 41
2023-07-19 19:40:48,270 INFO: The data length for chat ID 6096960445 is 67
2023-07-19 19:40:55,774 INFO: Message ID for chat ID 6096960445 and token ID 144: 2574,name:RoburnaOakTrees,from:0x26c3f83cb057ba3303a5dd508021952ad372e963
2023-07-19 19:41:00,344 INFO: Message ID for chat ID 6096960445 and token ID 143: 2575,name:RoburnaOakTrees,from:0x26c3f83cb057ba3303a5dd508021952ad372e963
2023-07-19 19:41:00,344 INFO: Transaction count change for chat ID 6096960445: 3 (New count: 67)
2023-07-19 19:41:02,536 INFO: The data length for chat ID -907425492 is 0
2023-07-19 19:41:07,117 INFO: The data length for chat ID 5631228514 is 41
2023-07-19 19:41:09,648 INFO: The data length for chat ID 6096960445 is 67
2023-07-19 19:41:11,939 INFO: The data length for chat ID -907425492 is 0
2023-07-19 19:41:14,732 INFO: The data length for chat ID 5631228514 is 41
2023-07-19 19:41:17,380 INFO: The data length for chat ID 6096960445 is 67
2023-07-19 19:41:19,676 INFO: The data length for chat ID -907425492 is 0
2023-07-19 19:41:24,048 INFO: The data length for chat ID 5631228514 is 41
2023-07-19 19:41:26,825 INFO: The data length for chat ID 6096960445 is 67
2023-07-19 19:41:28,998 INFO: The data length for chat ID -907425492 is 0
2023-07-19 19:41:33,142 INFO: The data length for chat ID 5631228514 is 41
2023-07-19 19:41:35,774 INFO: The data length for chat ID 6096960445 is 67
2023-07-19 19:41:38,104 INFO: The data length for chat ID -907425492 is 0
2023-07-19 19:41:41,088 INFO: The data length for chat ID 5631228514 is 41
2023-07-19 19:41:43,769 INFO: The data length for chat ID 6096960445 is 67
2023-07-19 19:41:45,907 INFO: The data length for chat ID -907425492 is 0
2023-07-19 19:41:50,032 INFO: The data length for chat ID 5631228514 is 41
2023-07-19 19:41:52,731 INFO: The data length for chat ID 6096960445 is 67
2023-07-19 19:41:54,895 INFO: The data length for chat ID -907425492 is 0
2023-07-19 19:41:57,629 INFO: The data length for chat ID 5631228514 is 41
2023-07-19 19:42:00,454 INFO: The data length for chat ID 6096960445 is 67
2023-07-19 19:42:02,670 INFO: The data length for chat ID -907425492 is 0
2023-07-19 19:42:05,682 INFO: The data length for chat ID 5631228514 is 41
2023-07-19 19:42:08,286 INFO: The data length for chat ID 6096960445 is 67
2023-07-19 19:42:10,532 INFO: The data length for chat ID -907425492 is 0
2023-07-19 19:42:13,265 INFO: The data length for chat ID 5631228514 is 41
2023-07-19 19:42:15,791 INFO: The data length for chat ID 6096960445 is 67
2023-07-19 19:42:18,127 INFO: The data length for chat ID -907425492 is 0
2023-07-19 19:42:21,105 INFO: The data length for chat ID 5631228514 is 41
2023-07-19 19:42:23,858 INFO: The data length for chat ID 6096960445 is 67
2023-07-19 19:42:26,031 INFO: The data length for chat ID -907425492 is 0
2023-07-19 19:42:28,858 INFO: The data length for chat ID 5631228514 is 41
2023-07-19 19:42:31,510 INFO: The data length for chat ID 6096960445 is 67
2023-07-19 19:42:33,904 INFO: The data length for chat ID -907425492 is 0
2023-07-19 19:42:36,678 INFO: The data length for chat ID 5631228514 is 41
2023-07-19 19:42:39,368 INFO: The data length for chat ID 6096960445 is 67
2023-07-19 19:42:41,844 INFO: The data length for chat ID -907425492 is 0
2023-07-19 19:42:44,569 INFO: The data length for chat ID 5631228514 is 41
2023-07-19 19:42:47,300 INFO: The data length for chat ID 6096960445 is 67
2023-07-19 19:51:11,569 INFO: The data length for chat ID 5631228514 is 41
2023-07-19 19:51:13,567 INFO: The data length for chat ID 6096960445 is 67
2023-07-19 19:51:15,085 INFO: The data length for chat ID -907425492 is 0
2023-07-19 19:51:34,389 INFO: The data length for chat ID -981927111 is 10000
2023-07-19 19:51:39,943 INFO: Message ID for chat ID -981927111 and token ID 6418: 2623,name:zkBridge on opBNB,from:0xf3638f5fc94127fb171613668d6879b5ab899a72
2023-07-19 19:51:39,944 WARNING: Transaction count for chat ID -981927111 is 10000. This is the maximum number of transactions that can be fetched from the API. The last transaction count will be set to 9900.
2023-07-19 19:51:42,802 INFO: The data length for chat ID 5631228514 is 41
2023-07-19 19:51:44,717 INFO: The data length for chat ID 6096960445 is 67
2023-07-19 19:51:46,269 INFO: The data length for chat ID -907425492 is 0
2023-07-19 19:51:51,802 INFO: The data length for chat ID -981927111 is 10000
2023-07-19 19:53:00,031 INFO: Token ID 6362 has already been processed for chat ID -981927111.
2023-07-19 19:53:10,683 INFO: The data length for chat ID 5631228514 is 41
2023-07-19 19:53:12,498 INFO: The data length for chat ID 6096960445 is 67
2023-07-19 19:53:14,792 INFO: The data length for chat ID -907425492 is 0
2023-07-19 19:53:20,409 INFO: The data length for chat ID -981927111 is 10000
2023-07-19 19:54:24,544 INFO: Token ID 6362 has already been processed for chat ID -981927111.
2023-07-19 19:54:34,765 INFO: The data length for chat ID 5631228514 is 41
2023-07-19 19:54:36,636 INFO: The data length for chat ID 6096960445 is 67
2023-07-19 19:54:41,202 INFO: The data length for chat ID -907425492 is 0
2023-07-19 19:54:46,981 INFO: The data length for chat ID -981927111 is 10000
2023-07-19 19:55:28,554 INFO: The data length for chat ID 5631228514 is 41
2023-07-19 19:55:30,331 INFO: The data length for chat ID 6096960445 is 67
2023-07-19 19:55:32,040 INFO: The data length for chat ID -907425492 is 0
2023-07-19 19:55:37,284 INFO: The data length for chat ID -981927111 is 10000
2023-07-19 19:56:56,693 INFO: Token ID 6362 has already been processed for chat ID -981927111.
2023-07-19 19:57:47,819 INFO: The data length for chat ID 5631228514 is 41
2023-07-19 19:57:51,978 INFO: The data length for chat ID 6096960445 is 67
2023-07-19 19:57:54,486 INFO: The data length for chat ID -907425492 is 0
2023-07-19 19:58:00,940 INFO: The data length for chat ID -981927111 is 10000
2023-07-19 19:59:15,189 INFO: Token ID 6362 has already been processed for chat ID -981927111.
2023-07-19 20:19:02,325 INFO: The data length for chat ID 5631228514 is 41
2023-07-19 20:19:04,246 INFO: The data length for chat ID 6096960445 is 67
2023-07-19 20:19:05,812 INFO: The data length for chat ID -907425492 is 0
2023-07-19 20:19:57,742 INFO: The data length for chat ID -981927111 is 10000
2023-07-19 20:20:31,618 INFO: The data length for chat ID 5631228514 is 41
2023-07-19 20:20:33,705 INFO: The data length for chat ID 6096960445 is 67
2023-07-19 20:20:35,378 INFO: The data length for chat ID -907425492 is 0
2023-07-19 20:20:43,281 INFO: The data length for chat ID -981927111 is 10000
2023-07-19 20:22:07,397 INFO: Token ID 6362 has already been processed for chat ID -981927111.
2023-07-19 20:22:07,419 INFO: Transaction count change for chat ID -981927111: 100 (New count: 10000)
2023-07-19 20:22:07,420 INFO: Last token ID for chat ID -981927111: 6418
2023-07-19 20:22:10,078 INFO: The data length for chat ID 5631228514 is 41
2023-07-19 20:22:11,928 INFO: The data length for chat ID 6096960445 is 67
2023-07-19 20:22:13,541 INFO: The data length for chat ID -907425492 is 0
2023-07-19 20:22:19,654 INFO: The data length for chat ID -981927111 is 10000
2023-07-19 20:22:19,655 WARNING: Transaction count for chat ID -981927111 is 10000. This is the maximum number of transactions that can be fetched from the API. The last transaction count will be set to 9900.
2023-07-19 20:22:22,191 INFO: The data length for chat ID 5631228514 is 41
2023-07-19 20:22:24,063 INFO: The data length for chat ID 6096960445 is 67
2023-07-19 20:22:25,666 INFO: The data length for chat ID -907425492 is 0
2023-07-19 20:22:31,243 INFO: The data length for chat ID -981927111 is 10000
2023-07-19 20:23:02,932 INFO: The data length for chat ID 5631228514 is 41
2023-07-19 20:23:04,824 INFO: The data length for chat ID 6096960445 is 67
2023-07-19 20:23:06,694 INFO: The data length for chat ID -907425492 is 0
2023-07-19 20:23:12,774 INFO: The data length for chat ID -981927111 is 10000
2023-07-19 20:24:20,083 INFO: Token ID 6362 has already been processed for chat ID -981927111.
2023-07-19 20:24:20,097 INFO: Transaction count change for chat ID -981927111: 100 (New count: 10000)
2023-07-19 20:24:20,097 INFO: Last token ID for chat ID -981927111: 6418
2023-07-19 20:24:23,023 INFO: The data length for chat ID 5631228514 is 41
2023-07-19 20:24:24,984 INFO: The data length for chat ID 6096960445 is 67
2023-07-19 20:24:26,619 INFO: The data length for chat ID -907425492 is 0
2023-07-19 20:24:32,358 INFO: The data length for chat ID -981927111 is 10000
2023-07-19 20:24:32,358 WARNING: Transaction count for chat ID -981927111 is 10000. This is the maximum number of transactions that can be fetched from the API. The last transaction count will be set to 9900.
2023-07-19 20:24:34,727 INFO: The data length for chat ID 5631228514 is 41
2023-07-19 20:24:36,581 INFO: The data length for chat ID 6096960445 is 67
2023-07-19 20:24:38,358 INFO: The data length for chat ID -907425492 is 0
2023-07-19 20:24:44,610 INFO: The data length for chat ID -981927111 is 10000
2023-07-19 20:26:06,124 INFO: The data length for chat ID 5631228514 is 41
2023-07-19 20:26:08,095 INFO: The data length for chat ID 6096960445 is 67
2023-07-19 20:26:10,590 INFO: The data length for chat ID -907425492 is 0
2023-07-19 20:26:17,255 INFO: The data length for chat ID -981927111 is 10000
2023-07-19 20:27:22,065 INFO: Token ID 6362 has already been processed for chat ID -981927111.
2023-07-19 20:27:22,077 INFO: Transaction count change for chat ID -981927111: 100 (New count: 10000)
2023-07-19 20:27:22,077 INFO: Last token ID for chat ID -981927111: 6418
2023-07-19 20:27:24,424 INFO: The data length for chat ID 5631228514 is 41
2023-07-19 20:27:26,349 INFO: The data length for chat ID 6096960445 is 67
2023-07-19 20:27:27,916 INFO: The data length for chat ID -907425492 is 0
2023-07-19 20:27:33,550 INFO: The data length for chat ID -981927111 is 10000
2023-07-19 20:27:33,550 WARNING: Transaction count for chat ID -981927111 is 10000. This is the maximum number of transactions that can be fetched from the API. The last transaction count will be set to 9900.
2023-07-19 20:27:36,364 INFO: The data length for chat ID 5631228514 is 41
2023-07-19 20:27:38,222 INFO: The data length for chat ID 6096960445 is 67
2023-07-19 20:27:39,807 INFO: The data length for chat ID -907425492 is 0
2023-07-19 20:27:46,089 INFO: The data length for chat ID -981927111 is 10000
2023-07-19 20:28:53,197 INFO: Token ID 6362 has already been processed for chat ID -981927111.
2023-07-19 20:28:53,213 INFO: Transaction count change for chat ID -981927111: 100 (New count: 10000)
2023-07-19 20:28:53,213 INFO: Last token ID for chat ID -981927111: 6418
2023-07-19 20:28:55,815 INFO: The data length for chat ID 5631228514 is 41
2023-07-19 20:28:57,693 INFO: The data length for chat ID 6096960445 is 67
2023-07-19 20:28:59,183 INFO: The data length for chat ID -907425492 is 0
2023-07-19 20:29:04,748 INFO: The data length for chat ID -981927111 is 10000
2023-07-19 20:29:04,748 WARNING: Transaction count for chat ID -981927111 is 10000. This is the maximum number of transactions that can be fetched from the API. The last transaction count will be set to 9900.
2023-07-19 20:29:07,087 INFO: The data length for chat ID 5631228514 is 41
2023-07-19 20:29:08,925 INFO: The data length for chat ID 6096960445 is 67
2023-07-19 20:29:10,461 INFO: The data length for chat ID -907425492 is 0
2023-07-19 20:29:15,866 INFO: The data length for chat ID -981927111 is 10000
2023-07-19 20:30:20,395 INFO: Token ID 6362 has already been processed for chat ID -981927111.
2023-07-19 20:30:20,404 INFO: Transaction count change for chat ID -981927111: 100 (New count: 10000)
2023-07-19 20:30:20,404 INFO: Last token ID for chat ID -981927111: 6418
2023-07-19 20:30:23,244 INFO: The data length for chat ID 5631228514 is 41
2023-07-19 20:30:25,059 INFO: The data length for chat ID 6096960445 is 67
2023-07-19 20:30:26,586 INFO: The data length for chat ID -907425492 is 0
2023-07-19 20:30:36,881 INFO: The data length for chat ID 5631228514 is 41
2023-07-19 20:30:38,941 INFO: The data length for chat ID 6096960445 is 67
2023-07-19 20:30:40,462 INFO: The data length for chat ID -907425492 is 0
2023-07-19 20:30:46,010 INFO: The data length for chat ID -981927111 is 10000
2023-07-19 20:30:46,010 WARNING: Transaction count for chat ID -981927111 is 10000. This is the maximum number of transactions that can be fetched from the API. The last transaction count will be set to 9900.
2023-07-19 20:30:48,566 INFO: The data length for chat ID 5631228514 is 41
2023-07-19 20:30:53,686 INFO: The data length for chat ID 6096960445 is 67
2023-07-19 20:30:55,274 INFO: The data length for chat ID -907425492 is 0
2023-07-19 20:31:00,638 INFO: The data length for chat ID -981927111 is 10000
2023-07-19 20:32:32,913 INFO: Token ID 6362 has already been processed for chat ID -981927111.
2023-07-19 20:32:32,933 INFO: Transaction count change for chat ID -981927111: 100 (New count: 10000)
2023-07-19 20:32:32,933 INFO: Last token ID for chat ID -981927111: 6418
2023-07-19 20:32:35,510 INFO: The data length for chat ID 5631228514 is 41
2023-07-19 20:54:52,462 INFO: The data length for chat ID 5631228514 is 41
2023-07-19 20:54:54,408 INFO: The data length for chat ID 6096960445 is 67
2023-07-19 20:54:56,143 INFO: The data length for chat ID -907425492 is 0
2023-07-19 20:55:02,521 INFO: The data length for chat ID -981927111 is 10000
2023-07-19 20:55:02,521 WARNING: Transaction count for chat ID -981927111 is 10000. This is the maximum number of transactions that can be fetched from the API. The last transaction count will be set to 9900.
2023-07-19 20:59:29,789 INFO: The data length for chat ID 5631228514 is 41
2023-07-19 20:59:31,657 INFO: The data length for chat ID 6096960445 is 67
2023-07-19 20:59:33,377 INFO: The data length for chat ID -907425492 is 0
2023-07-19 21:00:25,838 INFO: The data length for chat ID 5631228514 is 41
2023-07-19 21:00:27,514 INFO: The data length for chat ID 6096960445 is 67
2023-07-19 21:00:29,091 INFO: The data length for chat ID -907425492 is 0
2023-07-19 21:00:34,904 INFO: The data length for chat ID -981927111 is 10000
2023-07-19 21:04:35,490 INFO: The data length for chat ID 5631228514 is 41
2023-07-19 21:04:37,693 INFO: The data length for chat ID 6096960445 is 67
2023-07-19 21:04:39,587 INFO: The data length for chat ID -907425492 is 0
2023-07-19 21:04:45,678 INFO: The data length for chat ID -981927111 is 10000
2023-07-19 21:11:56,096 INFO: The data length for chat ID 5631228514 is 41
2023-07-19 21:11:58,037 INFO: The data length for chat ID 6096960445 is 67
2023-07-19 21:11:59,606 INFO: The data length for chat ID -907425492 is 0
2023-07-19 21:12:05,076 INFO: The data length for chat ID -981927111 is 10000
2023-07-19 21:14:06,108 INFO: The data length for chat ID 5631228514 is 41
2023-07-19 21:14:29,919 INFO: The data length for chat ID 6096960445 is 67
2023-07-19 21:14:59,144 INFO: The data length for chat ID -907425492 is 0
2023-07-19 21:15:04,849 INFO: The data length for chat ID -981927111 is 10000
2023-07-19 21:16:53,974 INFO: Token ID 88 has already been processed for chat ID -981927111.
2023-07-19 21:16:53,988 INFO: Transaction count change for chat ID -981927111: 100 (New count: 10000)
2023-07-19 21:16:53,989 INFO: Last token ID for chat ID -981927111: 6418
2023-07-19 21:16:56,591 INFO: The data length for chat ID 5631228514 is 41
2023-07-19 21:16:58,690 INFO: The data length for chat ID 6096960445 is 67
2023-07-19 21:17:00,283 INFO: The data length for chat ID -907425492 is 0
2023-07-19 21:17:05,996 INFO: The data length for chat ID -981927111 is 10000
2023-07-19 21:17:05,996 WARNING: Transaction count for chat ID -981927111 is 10000. This is the maximum number of transactions that can be fetched from the API. The last transaction count will be set to 9900.
2023-07-19 21:17:08,595 INFO: The data length for chat ID 5631228514 is 41
2023-07-19 21:17:10,534 INFO: The data length for chat ID 6096960445 is 67
2023-07-19 21:17:12,118 INFO: The data length for chat ID -907425492 is 0
2023-07-19 21:17:18,190 INFO: The data length for chat ID -981927111 is 10000
2023-07-19 21:18:56,068 INFO: Token ID 88 has already been processed for chat ID -981927111.
2023-07-19 21:18:56,080 INFO: Transaction count change for chat ID -981927111: 100 (New count: 10000)
2023-07-19 21:18:56,080 INFO: Last token ID for chat ID -981927111: 6418
2023-07-19 21:18:58,803 INFO: The data length for chat ID 5631228514 is 41
2023-07-19 21:19:00,827 INFO: The data length for chat ID 6096960445 is 67
2023-07-19 21:19:02,355 INFO: The data length for chat ID -907425492 is 0
2023-07-19 21:19:08,061 INFO: The data length for chat ID -981927111 is 10000
2023-07-19 21:19:08,061 WARNING: Transaction count for chat ID -981927111 is 10000. This is the maximum number of transactions that can be fetched from the API. The last transaction count will be set to 9900.
2023-07-19 21:19:10,442 INFO: The data length for chat ID 5631228514 is 41
2023-07-19 21:19:12,455 INFO: The data length for chat ID 6096960445 is 67
2023-07-19 21:19:14,064 INFO: The data length for chat ID -907425492 is 0
2023-07-19 21:19:19,786 INFO: The data length for chat ID -981927111 is 10000
